========================================
  Orbit Wars Morning Check — 2026-05-11 10:56
========================================

[LEADERBOARD]
  (leaderboard unavailable)

[LATEST SUBMISSION]
  Score: ?  |  Status: error  |  Date: ?

[RATING DELTA (24h)]
  No .last_score file — first run, delta available tomorrow

[FAILED SUBMISSIONS]
  Error: 401 Client Error: Unauthorized for url: https://api.kaggle.com/v1/competitions.CompetitionApiService/ListSubmissions

[EPISODE COUNT — latest submission]
  Error: 401 Client Error: Unauthorized for url: https://api.kaggle.com/v1/competitions.CompetitionApiService/ListSubmissions

========================================
========================================
  Orbit Wars Morning Check — 2026-05-11 14:36
========================================

[LEADERBOARD]
  (leaderboard unavailable)

[LATEST SUBMISSION]
  Score: ?  |  Status: error  |  Date: ?

[RATING DELTA (24h)]
  No .last_score file — first run, delta available tomorrow

[FAILED SUBMISSIONS]
  Error: 401 Client Error: Unauthorized for url: https://api.kaggle.com/v1/competitions.CompetitionApiService/ListSubmissions

[EPISODE COUNT — latest submission]
  Error: 401 Client Error: Unauthorized for url: https://api.kaggle.com/v1/competitions.CompetitionApiService/ListSubmissions

========================================
========================================
  Orbit Wars Morning Check — 2026-05-11 17:51
========================================

[LEADERBOARD]
  (leaderboard unavailable)

[LATEST SUBMISSION]
  Score: ?  |  Status: error  |  Date: ?

[RATING DELTA (24h)]
  No .last_score file — first run, delta available tomorrow

[FAILED SUBMISSIONS]
  Error: 401 Client Error: Unauthorized for url: https://api.kaggle.com/v1/competitions.CompetitionApiService/ListSubmissions

[EPISODE COUNT — latest submission]
  Error: 401 Client Error: Unauthorized for url: https://api.kaggle.com/v1/competitions.CompetitionApiService/ListSubmissions

========================================
========================================
  Orbit Wars Morning Check — 2026-05-11 19:41
========================================

[LEADERBOARD]
  (leaderboard unavailable)

[LATEST SUBMISSION]
  Score: ?  |  Status: error  |  Date: ?

[RATING DELTA (24h)]
  No .last_score file — first run, delta available tomorrow

[FAILED SUBMISSIONS]
  Error: 401 Client Error: Unauthorized for url: https://api.kaggle.com/v1/competitions.CompetitionApiService/ListSubmissions

[EPISODE COUNT — latest submission]
  Error: 401 Client Error: Unauthorized for url: https://api.kaggle.com/v1/competitions.CompetitionApiService/ListSubmissions

========================================
========================================
  Orbit Wars Morning Check — 2026-05-11 21:13
========================================

[LEADERBOARD]
  (leaderboard unavailable)

[LATEST SUBMISSION]
  Score: ?  |  Status: error  |  Date: ?

[RATING DELTA (24h)]
  No .last_score file — first run, delta available tomorrow

[FAILED SUBMISSIONS]
  Error: 401 Client Error: Unauthorized for url: https://api.kaggle.com/v1/competitions.CompetitionApiService/ListSubmissions

[EPISODE COUNT — latest submission]
  Error: 401 Client Error: Unauthorized for url: https://api.kaggle.com/v1/competitions.CompetitionApiService/ListSubmissions

========================================
